<?xml version="1.0" encoding="UTF-8"?>
<!-- Generated by org.testng.reporters.JUnitReportReporter -->
<testsuite hostname="INPL-5CD42515T4" failures="0" tests="1" name="smrutisamal.SeleniumFrameworkDesign.ErrorValidation" time="10.943" errors="0" timestamp="2024-11-11T14:57:40 IST" skipped="0">
  <testcase classname="smrutisamal.SeleniumFrameworkDesign.ErrorValidation" name="validation" time="10.943"/>
  <system-out/>
</testsuite> <!-- smrutisamal.SeleniumFrameworkDesign.ErrorValidation -->
