<?xml version="1.0" encoding="UTF-8"?>
<!-- Generated by org.testng.reporters.JUnitReportReporter -->
<testsuite hostname="INPL-5CD42515T4" failures="0" tests="1" name="SeleniumFrameworkDesign.SeleniumFrameworkDesign.ErrorValidation" time="10.366" errors="0" timestamp="2024-11-08T17:52:00 IST" skipped="0">
  <testcase classname="SeleniumFrameworkDesign.SeleniumFrameworkDesign.ErrorValidation" name="validation" time="10.366"/>
  <system-out/>
</testsuite> <!-- SeleniumFrameworkDesign.SeleniumFrameworkDesign.ErrorValidation -->
