<?xml version="1.0" encoding="UTF-8"?>
<!-- Generated by org.testng.reporters.JUnitReportReporter -->
<testsuite hostname="INPL-5CD42515T4" failures="0" tests="1" name="SeleniumFrameworkDesign.SeleniumFrameworkDesign.StandaloneTest" time="13.792" errors="0" timestamp="2024-11-06T14:48:38 IST" skipped="0">
  <testcase classname="SeleniumFrameworkDesign.SeleniumFrameworkDesign.StandaloneTest" name="initialDemo" time="13.792"/>
</testsuite> <!-- SeleniumFrameworkDesign.SeleniumFrameworkDesign.StandaloneTest -->
