<?xml version="1.0" encoding="UTF-8"?>
<!-- Generated by org.testng.reporters.JUnitReportReporter -->
<testsuite hostname="INPL-5CD42515T4" failures="0" tests="2" name="smrutisamal.SeleniumFrameworkDesign.LandingPageTest" time="40.406" errors="0" timestamp="2024-11-11T15:16:43 IST" skipped="0">
  <testcase classname="smrutisamal.SeleniumFrameworkDesign.LandingPageTest" name="OrderHistoryTest" time="5.825"/>
  <system-out/>
  <testcase classname="smrutisamal.SeleniumFrameworkDesign.LandingPageTest" name="submitOrder" time="34.581"/>
  <system-out/>
</testsuite> <!-- smrutisamal.SeleniumFrameworkDesign.LandingPageTest -->
